[debug] [2022-06-29T07:51:44.449Z] ----------------------------------------------------------------------
[debug] [2022-06-29T07:51:44.451Z] Command:       /Users/VIDIT/.nvm/versions/node/v16.14.2/bin/node /Users/VIDIT/.nvm/versions/node/v16.14.2/bin/firebase init
[debug] [2022-06-29T07:51:44.452Z] CLI Version:   11.1.0
[debug] [2022-06-29T07:51:44.452Z] Platform:      darwin
[debug] [2022-06-29T07:51:44.452Z] Node Version:  v16.14.2
[debug] [2022-06-29T07:51:44.453Z] Time:          Wed Jun 29 2022 13:21:44 GMT+0530 (India Standard Time)
[debug] [2022-06-29T07:51:44.453Z] ----------------------------------------------------------------------
[debug] 
[debug] [2022-06-29T07:51:44.554Z] > command requires scopes: ["email","openid","https://www.googleapis.com/auth/cloudplatformprojects.readonly","https://www.googleapis.com/auth/firebase","https://www.googleapis.com/auth/cloud-platform"]
[debug] [2022-06-29T07:51:44.555Z] > authorizing via signed-in user (kksharma6161@gmail.com)
[info] 
     ######## #### ########  ######## ########     ###     ######  ########
     ##        ##  ##     ## ##       ##     ##  ##   ##  ##       ##
     ######    ##  ########  ######   ########  #########  ######  ######
     ##        ##  ##    ##  ##       ##     ## ##     ##       ## ##
     ##       #### ##     ## ######## ########  ##     ##  ######  ########

You're about to initialize a Firebase project in this directory:

  /Users/VIDIT/Desktop/recovery-project

Before we get started, keep in mind:

  * You are initializing within an existing Firebase project directory

[info] 
=== Project Setup
[info] 
[info] First, let's associate this project directory with a Firebase project.
[info] You can create multiple project aliases by running firebase use --add, 
[info] but for now we'll just set up a default project.
[info] 
[debug] [2022-06-29T07:51:57.938Z] Using project from CLI flag: recovery-project-c8a94
[debug] [2022-06-29T07:51:57.940Z] > refreshing access token with scopes: []
[debug] [2022-06-29T07:51:57.943Z] >>> [apiv2][query] POST https://www.googleapis.com/oauth2/v3/token [none]
[debug] [2022-06-29T07:51:57.943Z] >>> [apiv2][body] POST https://www.googleapis.com/oauth2/v3/token [omitted]
[debug] [2022-06-29T07:51:58.334Z] <<< [apiv2][status] POST https://www.googleapis.com/oauth2/v3/token 200
[debug] [2022-06-29T07:51:58.334Z] <<< [apiv2][body] POST https://www.googleapis.com/oauth2/v3/token [omitted]
[debug] [2022-06-29T07:51:58.543Z] >>> [apiv2][query] GET https://firebase.googleapis.com/v1beta1/projects/recovery-project-c8a94 [none]
[debug] [2022-06-29T07:51:59.027Z] <<< [apiv2][status] GET https://firebase.googleapis.com/v1beta1/projects/recovery-project-c8a94 200
[debug] [2022-06-29T07:51:59.027Z] <<< [apiv2][body] GET https://firebase.googleapis.com/v1beta1/projects/recovery-project-c8a94 {"projectId":"recovery-project-c8a94","projectNumber":"606709784895","displayName":"recovery-project","name":"projects/recovery-project-c8a94","resources":{"hostingSite":"recovery-project-c8a94"},"state":"ACTIVE"}
[info] i  Using project recovery-project-c8a94 (recovery-project) 
[info] 
=== Hosting Setup
[info] 
[info] Your public directory is the folder (relative to your project directory) that
[info] will contain Hosting assets to be uploaded with firebase deploy. If you
[info] have a build process for your assets, use your build's output directory.
[info] 
[debug] [2022-06-29T07:52:17.232Z] >>> [apiv2][query] GET https://www.gstatic.com/firebasejs/releases.json [none]
[debug] [2022-06-29T07:52:17.436Z] <<< [apiv2][status] GET https://www.gstatic.com/firebasejs/releases.json 200
[debug] [2022-06-29T07:52:17.436Z] <<< [apiv2][body] GET https://www.gstatic.com/firebasejs/releases.json {"current":{"version":"9.8.4","browserURL":"https://www.gstatic.com/firebasejs/9.8.4/firebase.js","packageURL":"https://www.gstatic.com/firebasejs/9.8.4/firebase.tgz"},"live":{"version":"9.8","browserURL":"https://www.gstatic.com/firebasejs/live/9.8/firebase.js","packageURL":"https://www.gstatic.com/firebasejs/live/9.8/firebase.tgz"},"components":{"analytics":"https://www.gstatic.com/firebasejs/9.8.4/firebase-analytics.js","app":"https://www.gstatic.com/firebasejs/9.8.4/firebase-app.js","app-check":"https://www.gstatic.com/firebasejs/9.8.4/firebase-app-check.js","auth":"https://www.gstatic.com/firebasejs/9.8.4/firebase-auth.js","auth/cordova":"https://www.gstatic.com/firebasejs/9.8.4/firebase-auth/cordova.js","auth/react-native":"https://www.gstatic.com/firebasejs/9.8.4/firebase-auth/react-native.js","functions":"https://www.gstatic.com/firebasejs/9.8.4/firebase-functions.js","firestore":"https://www.gstatic.com/firebasejs/9.8.4/firebase-firestore.js","firestore/lite":"https://www.gstatic.com/firebasejs/9.8.4/firebase-firestore/lite.js","storage":"https://www.gstatic.com/firebasejs/9.8.4/firebase-storage.js","performance":"https://www.gstatic.com/firebasejs/9.8.4/firebase-performance.js","remote-config":"https://www.gstatic.com/firebasejs/9.8.4/firebase-remote-config.js","messaging":"https://www.gstatic.com/firebasejs/9.8.4/firebase-messaging.js","messaging/sw":"https://www.gstatic.com/firebasejs/9.8.4/firebase-messaging/sw.js","database":"https://www.gstatic.com/firebasejs/9.8.4/firebase-database.js","firestore.memory":"https://www.gstatic.com/firebasejs/9.8.4/firebase-firestore.memory.js"}}
[info] ✔  Wrote dist/index.html 
[info] 
[info] i  Detected a .git folder at /Users/VIDIT/Desktop/recovery-project 
[info] i  Authorizing with GitHub to upload your service account to a GitHub repository's secrets store. 
[info] 
[info] Visit this URL on this device to log in:
[info] https://github.com/login/oauth/authorize?client_id=89cf50f02ac6aaed3484&state=818119125&redirect_uri=http%3A%2F%2Flocalhost%3A9005&scope=read%3Auser%20repo%20public_repo
[info] 
[info] Waiting for authentication...
[debug] [2022-06-29T07:53:55.566Z] ----------------------------------------------------------------------
[debug] [2022-06-29T07:53:55.569Z] Command:       /Users/VIDIT/.nvm/versions/node/v16.14.2/bin/node /Users/VIDIT/.nvm/versions/node/v16.14.2/bin/firebase init
[debug] [2022-06-29T07:53:55.570Z] CLI Version:   11.1.0
[debug] [2022-06-29T07:53:55.570Z] Platform:      darwin
[debug] [2022-06-29T07:53:55.570Z] Node Version:  v16.14.2
[debug] [2022-06-29T07:53:55.571Z] Time:          Wed Jun 29 2022 13:23:55 GMT+0530 (India Standard Time)
[debug] [2022-06-29T07:53:55.571Z] ----------------------------------------------------------------------
[debug] 
[debug] [2022-06-29T07:53:55.688Z] > command requires scopes: ["email","openid","https://www.googleapis.com/auth/cloudplatformprojects.readonly","https://www.googleapis.com/auth/firebase","https://www.googleapis.com/auth/cloud-platform"]
[debug] [2022-06-29T07:53:55.689Z] > authorizing via signed-in user (kksharma6161@gmail.com)
[info] 
     ######## #### ########  ######## ########     ###     ######  ########
     ##        ##  ##     ## ##       ##     ##  ##   ##  ##       ##
     ######    ##  ########  ######   ########  #########  ######  ######
     ##        ##  ##    ##  ##       ##     ## ##     ##       ## ##
     ##       #### ##     ## ######## ########  ##     ##  ######  ########

You're about to initialize a Firebase project in this directory:

  /Users/VIDIT/Desktop/recovery-project

Before we get started, keep in mind:

  * You are initializing within an existing Firebase project directory

